<?xml version="1.0" encoding="UTF-8"?>
<!-- Generated by org.testng.reporters.JUnitReportReporter -->
<testsuite skipped="0" hostname="LAPTOP-0FIKSCFP" name="com.crmfaa.qa.testcases.ContactsPageTest" tests="5" failures="0" timestamp="2020-06-27T23:25:44 IST" time="110.436" errors="0">
  <testcase name="VerifyContactPageLavelTest" time="18.184" classname="com.crmfaa.qa.testcases.ContactsPageTest"/>
  <system-out/>
  <testcase name="verifyNewButtonClickTest" time="19.962" classname="com.crmfaa.qa.testcases.ContactsPageTest"/>
  <system-out/>
  <testcase name="verifyContactCreationTest" time="26.295" classname="com.crmfaa.qa.testcases.ContactsPageTest"/>
  <system-out/>
  <testcase name="verifyContactCreationTest" time="25.156" classname="com.crmfaa.qa.testcases.ContactsPageTest"/>
  <system-out/>
  <testcase name="verifyContactCreationTest" time="20.839" classname="com.crmfaa.qa.testcases.ContactsPageTest"/>
  <system-out/>
</testsuite> <!-- com.crmfaa.qa.testcases.ContactsPageTest -->
