<?xml version="1.0" encoding="UTF-8"?>
<!-- Generated by org.testng.reporters.JUnitReportReporter -->
<testsuite skipped="0" hostname="LAPTOP-0FIKSCFP" name="com.crmfaa.qa.testcases.HomePageTest" tests="2" failures="0" timestamp="2020-06-09T18:05:16 IST" time="22.914" errors="0">
  <testcase name="verifyCorrectUserName" time="11.161" classname="com.crmfaa.qa.testcases.HomePageTest"/>
  <system-out/>
  <testcase name="verifyContactClick" time="11.753" classname="com.crmfaa.qa.testcases.HomePageTest"/>
  <system-out/>
</testsuite> <!-- com.crmfaa.qa.testcases.HomePageTest -->
