<?xml version="1.0" encoding="UTF-8"?>
<!-- Generated by org.testng.reporters.JUnitReportReporter -->
<testsuite skipped="0" hostname="LAPTOP-0FIKSCFP" name="com.crmfaa.qa.testcases.ContactsPageTest" tests="5" failures="0" timestamp="2020-06-18T23:05:55 IST" time="104.201" errors="0">
  <testcase name="VerifyContactPageLavelTest" time="18.037" classname="com.crmfaa.qa.testcases.ContactsPageTest"/>
  <system-out/>
  <testcase name="verifyNewButtonClickTest" time="13.798" classname="com.crmfaa.qa.testcases.ContactsPageTest"/>
  <system-out/>
  <testcase name="verifyContactCreationTest" time="23.068" classname="com.crmfaa.qa.testcases.ContactsPageTest"/>
  <system-out/>
  <testcase name="verifyContactCreationTest" time="24.291" classname="com.crmfaa.qa.testcases.ContactsPageTest"/>
  <system-out/>
  <testcase name="verifyContactCreationTest" time="25.007" classname="com.crmfaa.qa.testcases.ContactsPageTest"/>
  <system-out/>
</testsuite> <!-- com.crmfaa.qa.testcases.ContactsPageTest -->
