<?xml version="1.0" encoding="UTF-8"?>
<!-- Generated by org.testng.reporters.JUnitReportReporter -->
<testsuite skipped="0" hostname="LAPTOP-0FIKSCFP" name="com.practice.SeleniumTest.SessionHandleTest" tests="2" failures="0" timestamp="2020-04-16T00:57:45 IST" time="32.324" errors="0">
  <testcase name="Test1" time="16.163" classname="com.practice.SeleniumTest.SessionHandleTest"/>
  <system-out/>
  <testcase name="Test2" time="16.161" classname="com.practice.SeleniumTest.SessionHandleTest"/>
  <system-out/>
</testsuite> <!-- com.practice.SeleniumTest.SessionHandleTest -->
