<?xml version="1.0" encoding="UTF-8"?>
<!-- Generated by org.testng.reporters.JUnitReportReporter -->
<testsuite skipped="0" hostname="LAPTOP-0FIKSCFP" name="com.practice.SeleniumTest.ParallelForMethod" tests="2" failures="0" timestamp="2020-06-13T23:05:16 IST" time="24.076" errors="0">
  <testcase name="Test1" time="12.039" classname="com.practice.SeleniumTest.ParallelForMethod"/>
  <system-out/>
  <testcase name="Test2" time="12.037" classname="com.practice.SeleniumTest.ParallelForMethod"/>
  <system-out/>
</testsuite> <!-- com.practice.SeleniumTest.ParallelForMethod -->
