<?xml version="1.0" encoding="UTF-8"?>
<!-- Generated by org.testng.reporters.JUnitReportReporter -->
<testsuite skipped="0" hostname="LAPTOP-0FIKSCFP" name="com.crmfaa.qa.testcases.HomePageTest" tests="2" failures="0" timestamp="2020-06-27T23:25:44 IST" time="23.941" errors="0">
  <testcase name="verifyCorrectUserName" time="11.295" classname="com.crmfaa.qa.testcases.HomePageTest"/>
  <system-out/>
  <testcase name="verifyContactClick" time="12.646" classname="com.crmfaa.qa.testcases.HomePageTest"/>
  <system-out/>
</testsuite> <!-- com.crmfaa.qa.testcases.HomePageTest -->
