<?xml version="1.0" encoding="UTF-8"?>
<!-- Generated by org.testng.reporters.JUnitReportReporter -->
<testsuite skipped="0" hostname="LAPTOP-0FIKSCFP" name="com.practice.SeleniumTest.SampleSelTest" tests="2" failures="0" timestamp="2020-04-15T23:50:27 IST" time="8.865" errors="0">
  <testcase name="VerifyReg" time="6.346" classname="com.practice.SeleniumTest.SampleSelTest"/>
  <system-out/>
  <testcase name="support" time="2.519" classname="com.practice.SeleniumTest.SampleSelTest"/>
  <system-out/>
</testsuite> <!-- com.practice.SeleniumTest.SampleSelTest -->
