<?xml version="1.0" encoding="UTF-8"?>
<!-- Generated by org.testng.reporters.JUnitReportReporter -->
<testsuite skipped="0" hostname="LAPTOP-0FIKSCFP" name="com.practice.SeleniumTest.ParallelForOnlyTest" tests="4" failures="0" timestamp="2020-06-13T23:07:02 IST" time="0.017" errors="0">
  <testcase name="Test1" time="0.007" classname="com.practice.SeleniumTest.ParallelForOnlyTest"/>
  <system-out/>
  <testcase name="Test1" time="0.007" classname="com.practice.SeleniumTest.ParallelForOnlyTest"/>
  <system-out/>
  <testcase name="Test2" time="0.002" classname="com.practice.SeleniumTest.ParallelForOnlyTest"/>
  <system-out/>
  <testcase name="Test2" time="0.001" classname="com.practice.SeleniumTest.ParallelForOnlyTest"/>
  <system-out/>
</testsuite> <!-- com.practice.SeleniumTest.ParallelForOnlyTest -->
