<?xml version="1.0" encoding="UTF-8"?>
<!-- Generated by org.testng.reporters.JUnitReportReporter -->
<testsuite skipped="0" hostname="LAPTOP-0FIKSCFP" name="com.crmfaa.qa.testcases.LoginPageTest" tests="2" failures="0" timestamp="2020-06-08T22:56:56 IST" time="20.609" errors="0">
  <testcase name="loginPageTitleTest" time="9.579" classname="com.crmfaa.qa.testcases.LoginPageTest"/>
  <system-out/>
  <testcase name="loginTest" time="11.030" classname="com.crmfaa.qa.testcases.LoginPageTest"/>
  <system-out/>
</testsuite> <!-- com.crmfaa.qa.testcases.LoginPageTest -->
