<?xml version="1.0" encoding="UTF-8"?>
<!-- Generated by org.testng.reporters.JUnitReportReporter -->
<testsuite skipped="0" hostname="LAPTOP-0FIKSCFP" name="com.crmfaa.qa.testcases.LoginPageTest" tests="2" failures="0" timestamp="2020-06-27T23:25:44 IST" time="20.255" errors="0">
  <testcase name="loginPageTitleTest" time="10.495" classname="com.crmfaa.qa.testcases.LoginPageTest"/>
  <system-out/>
  <testcase name="loginTest" time="9.760" classname="com.crmfaa.qa.testcases.LoginPageTest"/>
  <system-out/>
</testsuite> <!-- com.crmfaa.qa.testcases.LoginPageTest -->
